Using pre-set license
Built from '2020.3/staging' branch; Version is '2020.3.16f1 (049d6eca3c44) revision 302446'; Using compiler version '192528614'; Build Type 'Release'
OS: 'Windows 10 Pro; OS build 19043.1320; Version 2009; 64bit' Language: 'es' Physical Memory: 16315 MB
BatchMode: 1, IsHumanControllingUs: 0, StartBugReporterOnCrash: 0, Is64bit: 1, IsPro: 0

 COMMAND LINE ARGUMENTS:
C:\Program Files\Unity\Hub\Editor\2020.3.16f1\Editor\Unity.exe
-adb2
-batchMode
-noUpm
-name
AssetImportWorker0
-projectPath
D:/ImageCampus/1°Año 2°Cuat/Algebra/PoolAlgebra/PoolProject
-logFile
Logs/AssetImportWorker0.log
-srvPort
62409
Successfully changed project path to: D:/ImageCampus/1°Año 2°Cuat/Algebra/PoolAlgebra/PoolProject
D:/ImageCampus/1°Año 2°Cuat/Algebra/PoolAlgebra/PoolProject
Using Asset Import Pipeline V2.
Refreshing native plugins compatible for Editor in 26.91 ms, found 2 plugins.
Preloading 0 native plugins for Editor in 0.00 ms.
Initialize engine version: 2020.3.16f1 (049d6eca3c44)
[Subsystems] Discovering subsystems at path C:/Program Files/Unity/Hub/Editor/2020.3.16f1/Editor/Data/Resources/UnitySubsystems
[Subsystems] Discovering subsystems at path D:/ImageCampus/1°Año 2°Cuat/Algebra/PoolAlgebra/PoolProject/Assets
GfxDevice: creating device client; threaded=0
Direct3D:
    Version:  Direct3D 11.0 [level 11.1]
    Renderer: NVIDIA GeForce RTX 2060 SUPER (ID=0x1f06)
    Vendor:   
    VRAM:     8031 MB
    Driver:   30.0.14.7239
Initialize mono
Mono path[0] = 'C:/Program Files/Unity/Hub/Editor/2020.3.16f1/Editor/Data/Managed'
Mono path[1] = 'C:/Program Files/Unity/Hub/Editor/2020.3.16f1/Editor/Data/MonoBleedingEdge/lib/mono/unityjit'
Mono config path = 'C:/Program Files/Unity/Hub/Editor/2020.3.16f1/Editor/Data/MonoBleedingEdge/etc'
Using monoOptions --debugger-agent=transport=dt_socket,embedding=1,server=y,suspend=n,address=127.0.0.1:56524
Begin MonoManager ReloadAssembly
Registering precompiled unity dll's ...
Register platform support module: C:/Program Files/Unity/Hub/Editor/2020.3.16f1/Editor/Data/PlaybackEngines/WindowsStandaloneSupport/UnityEditor.WindowsStandalone.Extensions.dll
Registered in 0.001804 seconds.
Native extension for WindowsStandalone target not found
Refreshing native plugins compatible for Editor in 26.26 ms, found 2 plugins.
Preloading 0 native plugins for Editor in 0.00 ms.
Mono: successfully reloaded assembly
- Completed reload, in  0.871 seconds
Domain Reload Profiling:
	ReloadAssembly (871ms)
		BeginReloadAssembly (48ms)
			ExecutionOrderSort (0ms)
			DisableScriptedObjects (0ms)
			BackupInstance (0ms)
			ReleaseScriptingObjects (0ms)
			CreateAndSetChildDomain (1ms)
		EndReloadAssembly (343ms)
			LoadAssemblies (46ms)
			RebuildTransferFunctionScriptingTraits (0ms)
			SetupTypeCache (125ms)
			ReleaseScriptCaches (0ms)
			RebuildScriptCaches (25ms)
			SetupLoadedEditorAssemblies (132ms)
				LogAssemblyErrors (0ms)
				InitializePlatformSupportModulesInManaged (4ms)
				SetLoadedEditorAssemblies (0ms)
				RefreshPlugins (26ms)
				BeforeProcessingInitializeOnLoad (14ms)
				ProcessInitializeOnLoadAttributes (65ms)
				ProcessInitializeOnLoadMethodAttributes (23ms)
				AfterProcessingInitializeOnLoad (0ms)
				EditorAssembliesLoaded (0ms)
			ExecutionOrderSort2 (0ms)
			AwakeInstancesAfterBackupRestoration (0ms)
Platform modules already initialized, skipping
Registering precompiled user dll's ...
Registered in 0.003024 seconds.
Begin MonoManager ReloadAssembly
Native extension for WindowsStandalone target not found
Refreshing native plugins compatible for Editor in 0.34 ms, found 2 plugins.
Preloading 0 native plugins for Editor in 0.00 ms.
Mono: successfully reloaded assembly
- Completed reload, in  0.927 seconds
Domain Reload Profiling:
	ReloadAssembly (928ms)
		BeginReloadAssembly (127ms)
			ExecutionOrderSort (0ms)
			DisableScriptedObjects (4ms)
			BackupInstance (0ms)
			ReleaseScriptingObjects (0ms)
			CreateAndSetChildDomain (17ms)
		EndReloadAssembly (742ms)
			LoadAssemblies (76ms)
			RebuildTransferFunctionScriptingTraits (0ms)
			SetupTypeCache (228ms)
			ReleaseScriptCaches (0ms)
			RebuildScriptCaches (36ms)
			SetupLoadedEditorAssemblies (325ms)
				LogAssemblyErrors (0ms)
				InitializePlatformSupportModulesInManaged (4ms)
				SetLoadedEditorAssemblies (0ms)
				RefreshPlugins (0ms)
				BeforeProcessingInitializeOnLoad (64ms)
				ProcessInitializeOnLoadAttributes (247ms)
				ProcessInitializeOnLoadMethodAttributes (4ms)
				AfterProcessingInitializeOnLoad (6ms)
				EditorAssembliesLoaded (0ms)
			ExecutionOrderSort2 (0ms)
			AwakeInstancesAfterBackupRestoration (5ms)
Platform modules already initialized, skipping
========================================================================
Worker process is ready to serve import requests
Launched and connected shader compiler UnityShaderCompiler.exe after 0.05 seconds
Refreshing native plugins compatible for Editor in 0.41 ms, found 2 plugins.
Preloading 0 native plugins for Editor in 0.00 ms.
Unloading 1397 Unused Serialized files (Serialized files now loaded: 0)
System memory in use before: 64.9 MB.
System memory in use after: 64.9 MB.

Unloading 18 unused Assets to reduce memory usage. Loaded Objects now: 1830.
Total: 2.798600 ms (FindLiveObjects: 0.160400 ms CreateObjectMapping: 0.032000 ms MarkObjects: 2.541900 ms  DeleteObjects: 0.063500 ms)

AssetImportParameters requested are different than current active one (requested -> active):
  custom:framework-win-MediaFoundation: 216162199b28c13a410421893ffa2e32 -> 
  custom:video-decoder-ogg-theora: a1e56fd34408186e4bbccfd4996cb3dc -> 
  custom:container-muxer-webm: aa71ff27fc2769a1b78a27578f13a17b -> 
  custom:container-demuxer-webm: 4f35f7cbe854078d1ac9338744f61a02 -> 
  custom:container-demuxer-ogg: 62fdf1f143b41e24485cea50d1cbac27 -> 
  custom:video-encoder-webm-vp8: eb34c28f22e8b96e1ab97ce403110664 -> 
  custom:video-decoder-webm-vp8: 9c59270c3fd7afecdb556c50c9e8de78 -> 
  custom:audio-decoder-ogg-vorbis: bf7c407c2cedff20999df2af8eb42d56 -> 
  custom:audio-encoder-webm-vorbis: bf7c407c2cedff20999df2af8eb42d56 -> 
========================================================================
Received Import Request.
  path: Assets/Scenes/SampleScene.unity
  artifactKey: Guid(9fc0d4010bbf28b4594072e72b8655ab) Importer(815301076,1909f56bfc062723c751e8b465ee728b)
Start importing Assets/Scenes/SampleScene.unity using Guid(9fc0d4010bbf28b4594072e72b8655ab) Importer(815301076,1909f56bfc062723c751e8b465ee728b)  -> (artifact id: 'dcc088d1731b590f9572c6f2bab98c6a') in 0.013775 seconds 
  Import took 0.015899 seconds .

========================================================================
Received Import Request.
  Time since last request: 2.096366 seconds.
  path: Assets/BarcadeGamesAssetPack/DemoScene.unity
  artifactKey: Guid(a4262492078da4e0e86a49dea6005a02) Importer(815301076,1909f56bfc062723c751e8b465ee728b)
Start importing Assets/BarcadeGamesAssetPack/DemoScene.unity using Guid(a4262492078da4e0e86a49dea6005a02) Importer(815301076,1909f56bfc062723c751e8b465ee728b)  -> (artifact id: 'bf8419608fb7c5780cd414f3f9fd0c4a') in 0.007523 seconds 
  Import took 0.009746 seconds .

========================================================================
Received Import Request.
  Time since last request: 42.647227 seconds.
  path: Assets/BarcadeGamesAssetPack/Models/FBX/AirHockeyPad.fbx
  artifactKey: Guid(93aed2410a4e64bf78f72fd2ec80a95b) Importer(815301076,1909f56bfc062723c751e8b465ee728b)
Start importing Assets/BarcadeGamesAssetPack/Models/FBX/AirHockeyPad.fbx using Guid(93aed2410a4e64bf78f72fd2ec80a95b) Importer(815301076,1909f56bfc062723c751e8b465ee728b)  -> (artifact id: 'fa70a634797dd9265987e495f0e25239') in 0.318882 seconds 
  Import took 0.321216 seconds .

========================================================================
Received Import Request.
  Time since last request: 2.362782 seconds.
  path: Assets/BarcadeGamesAssetPack/Models/FBX/BilliardsTable.fbx
  artifactKey: Guid(b670f9e3fd3f6422e9d3de4feab83eb8) Importer(815301076,1909f56bfc062723c751e8b465ee728b)
Start importing Assets/BarcadeGamesAssetPack/Models/FBX/BilliardsTable.fbx using Guid(b670f9e3fd3f6422e9d3de4feab83eb8) Importer(815301076,1909f56bfc062723c751e8b465ee728b)  -> (artifact id: '8ec7fa3cc472eb8906d9da2178fdf2ad') in 0.029644 seconds 
  Import took 0.031986 seconds .

========================================================================
Received Import Request.
  Time since last request: 3.905626 seconds.
  path: Assets/BarcadeGamesAssetPack/Models/FBX/CueStick.fbx
  artifactKey: Guid(76aa98bf98338429586e9d4335d63c1f) Importer(815301076,1909f56bfc062723c751e8b465ee728b)
Start importing Assets/BarcadeGamesAssetPack/Models/FBX/CueStick.fbx using Guid(76aa98bf98338429586e9d4335d63c1f) Importer(815301076,1909f56bfc062723c751e8b465ee728b)  -> (artifact id: '7e44bc2878be10be8420cf878a1562cf') in 0.021311 seconds 
  Import took 0.023680 seconds .

========================================================================
Received Import Request.
  Time since last request: 0.695239 seconds.
  path: Assets/BarcadeGamesAssetPack/Models/FBX/PingPondTable.fbx
  artifactKey: Guid(833b8177d321f4caead1623ab158f884) Importer(815301076,1909f56bfc062723c751e8b465ee728b)
Start importing Assets/BarcadeGamesAssetPack/Models/FBX/PingPondTable.fbx using Guid(833b8177d321f4caead1623ab158f884) Importer(815301076,1909f56bfc062723c751e8b465ee728b)  -> (artifact id: 'd46eef2a4b67f87d74fb829b8af96216') in 0.024670 seconds 
  Import took 0.027022 seconds .

========================================================================
Received Import Request.
  Time since last request: 0.984915 seconds.
  path: Assets/BarcadeGamesAssetPack/Models/FBX/PoolChalk.fbx
  artifactKey: Guid(9e694aa74eb2e4ad18f7f81f9d902bb2) Importer(815301076,1909f56bfc062723c751e8b465ee728b)
Start importing Assets/BarcadeGamesAssetPack/Models/FBX/PoolChalk.fbx using Guid(9e694aa74eb2e4ad18f7f81f9d902bb2) Importer(815301076,1909f56bfc062723c751e8b465ee728b)  -> (artifact id: 'b742843034e9aa5faffc5a9beb783bcc') in 0.020767 seconds 
  Import took 0.023113 seconds .

========================================================================
Received Import Request.
  Time since last request: 1.068639 seconds.
  path: Assets/BarcadeGamesAssetPack/Models/FBX/PPPaddle.fbx
  artifactKey: Guid(6f81d17ce2a4146e28e18f768d3dce55) Importer(815301076,1909f56bfc062723c751e8b465ee728b)
Start importing Assets/BarcadeGamesAssetPack/Models/FBX/PPPaddle.fbx using Guid(6f81d17ce2a4146e28e18f768d3dce55) Importer(815301076,1909f56bfc062723c751e8b465ee728b)  -> (artifact id: '1391d8fda00bee04306f7737d9767baa') in 0.026495 seconds 
  Import took 0.028893 seconds .

========================================================================
Received Import Request.
  Time since last request: 5.193563 seconds.
  path: Assets/BarcadeGamesAssetPack/Materials/seamless-wood-texture-free-6.jpg
  artifactKey: Guid(bd09b747016d2439aaa654dd1ff1d3e3) Importer(815301076,1909f56bfc062723c751e8b465ee728b)
Start importing Assets/BarcadeGamesAssetPack/Materials/seamless-wood-texture-free-6.jpg using Guid(bd09b747016d2439aaa654dd1ff1d3e3) Importer(815301076,1909f56bfc062723c751e8b465ee728b)  -> (artifact id: 'aa114f324c0af76de507e757b10b1227') in 0.037716 seconds 
  Import took 0.040052 seconds .

========================================================================
Received Import Request.
  Time since last request: 59.416346 seconds.
  path: Assets/Scenes/SampleScene.unity
  artifactKey: Guid(9fc0d4010bbf28b4594072e72b8655ab) Importer(815301076,1909f56bfc062723c751e8b465ee728b)
Start importing Assets/Scenes/SampleScene.unity using Guid(9fc0d4010bbf28b4594072e72b8655ab) Importer(815301076,1909f56bfc062723c751e8b465ee728b)  -> (artifact id: '0543dd4694f254a220d02708999b4002') in 0.002078 seconds 
  Import took 0.004416 seconds .

========================================================================
Received Import Request.
  Time since last request: 175.211816 seconds.
  path: Assets/BarcadeGamesAssetPack/Materials/PoolBallsMaps/Materials
  artifactKey: Guid(0f82d35ae0f474610bd7b17b3b2bd175) Importer(815301076,1909f56bfc062723c751e8b465ee728b)
Start importing Assets/BarcadeGamesAssetPack/Materials/PoolBallsMaps/Materials using Guid(0f82d35ae0f474610bd7b17b3b2bd175) Importer(815301076,1909f56bfc062723c751e8b465ee728b)  -> (artifact id: '02438ab222963d61d5cda12368d9562d') in 0.006851 seconds 
  Import took 0.010623 seconds .

========================================================================
Received Import Request.
  Time since last request: 1.461034 seconds.
  path: Assets/BarcadeGamesAssetPack/Materials/PoolBallsMaps/Ball1.png
  artifactKey: Guid(e3dd7266fb5cf49c686b0b67d48fb5e0) Importer(815301076,1909f56bfc062723c751e8b465ee728b)
Start importing Assets/BarcadeGamesAssetPack/Materials/PoolBallsMaps/Ball1.png using Guid(e3dd7266fb5cf49c686b0b67d48fb5e0) Importer(815301076,1909f56bfc062723c751e8b465ee728b)  -> (artifact id: 'e14b8db22b8b1b19f4e1bb78103e53c9') in 0.011385 seconds 
  Import took 0.013837 seconds .

========================================================================
Received Import Request.
  Time since last request: 0.772616 seconds.
  path: Assets/BarcadeGamesAssetPack/Materials/PoolBallsMaps/Ball2.png
  artifactKey: Guid(112b95d85ca154579b6d28e27092bacb) Importer(815301076,1909f56bfc062723c751e8b465ee728b)
Start importing Assets/BarcadeGamesAssetPack/Materials/PoolBallsMaps/Ball2.png using Guid(112b95d85ca154579b6d28e27092bacb) Importer(815301076,1909f56bfc062723c751e8b465ee728b)  -> (artifact id: '13eb259b8c184b60492acb8fe8cba0b2') in 0.009563 seconds 
  Import took 0.011993 seconds .

========================================================================
Received Import Request.
  Time since last request: 467.272582 seconds.
  path: Assets/Scenes/SampleScene.unity
  artifactKey: Guid(9fc0d4010bbf28b4594072e72b8655ab) Importer(815301076,1909f56bfc062723c751e8b465ee728b)
Start importing Assets/Scenes/SampleScene.unity using Guid(9fc0d4010bbf28b4594072e72b8655ab) Importer(815301076,1909f56bfc062723c751e8b465ee728b)  -> (artifact id: '948afcfa39fa5b456e14cf8f706551a7') in 0.002585 seconds 
  Import took 0.005120 seconds .

